


ARM Macro Assembler    Page 1 


    1 00000000                 AREA             RESET, DATA, READONLY
    2 00000000                 EXPORT           __Vectors
    3 00000000         __Vectors
    4 00000000 10000100        DCD              0x10000100
    5 00000004 00000000        DCD              Reset_Handler
    6 00000008                 ALIGN
    7 00000008                 AREA             mycode, CODE, READONLY
    8 00000000                 ENTRY
    9 00000000                 EXPORT           Reset_Handler
   10 00000000         Reset_Handler
   11 00000000 4815            LDR              R0, =SRC
   12 00000002 4916            LDR              R1, =DST
   13 00000004 6802            LDR              R2, [R0]
   14 00000006 600A            STR              R2, [R1]
   15 00000008 6842            LDR              R2, [R0,#4]
   16 0000000A 604A            STR              R2, [R1, #4]
   17 0000000C 6882            LDR              R2, [R0,#8]
   18 0000000E 608A            STR              R2, [R1, #8]
   19 00000010 68C2            LDR              R2, [R0,#12]
   20 00000012 60CA            STR              R2, [R1, #12]
   21 00000014 6902            LDR              R2, [R0,#16]
   22 00000016 610A            STR              R2, [R1, #16]
   23 00000018 6942            LDR              R2, [R0,#20]
   24 0000001A 614A            STR              R2, [R1, #20]
   25 0000001C 6982            LDR              R2, [R0,#24]
   26 0000001E 618A            STR              R2, [R1, #24]
   27 00000020 69C2            LDR              R2, [R0,#28]
   28 00000022 61CA            STR              R2, [R1, #28]
   29 00000024 6A02            LDR              R2, [R0,#32]
   30 00000026 620A            STR              R2, [R1, #32]
   31 00000028 6A42            LDR              R2, [R0,#36]
   32 0000002A 624A            STR              R2, [R1, #36]
   33 0000002C E7FE    STOP    B                STOP
   34 0000002E 00 00 12345678 
              0048CD12 
              00000056 
              00000078 
              00000010 
              00000020 
              00000030 
              00000040 
              00000050 
              00000060 SRC     DCD              0x12345678, 0x48CD12, 0x56, 0x7
8, 0x10, 0x20,0x30,0x40,0x50,0x60
   35 00000058 00000000 
              00000000         AREA             Mydata, DATA, READWRITE
   36 00000000 00000000 
              00000000 
              00000000 DST     DCD              0, 0, 0
   37 0000000C                 END
Command Line: --debug --xref --cpu=Cortex-M3 --apcs=interwork --depend=txtttx.d
 -otxtttx.o -IC:\Keil\ARM\RV31\INC -IC:\Keil\ARM\CMSIS\Include -IC:\Keil\ARM\In
c\NXP\LPC17xx --predefine="__EVAL SETA 1" --list=txtttx.lst txtttx.s



ARM Macro Assembler    Page 1 Alphabetic symbol ordering
Relocatable symbols

RESET 00000000

Symbol: RESET
   Definitions
      At line 1 in file txtttx.s
   Uses
      None
Comment: RESET unused
__Vectors 00000000

Symbol: __Vectors
   Definitions
      At line 3 in file txtttx.s
   Uses
      At line 2 in file txtttx.s
Comment: __Vectors used once
2 symbols



ARM Macro Assembler    Page 1 Alphabetic symbol ordering
Relocatable symbols

Reset_Handler 00000000

Symbol: Reset_Handler
   Definitions
      At line 10 in file txtttx.s
   Uses
      At line 5 in file txtttx.s
      At line 9 in file txtttx.s

SRC 00000030

Symbol: SRC
   Definitions
      At line 34 in file txtttx.s
   Uses
      At line 11 in file txtttx.s
Comment: SRC used once
STOP 0000002C

Symbol: STOP
   Definitions
      At line 33 in file txtttx.s
   Uses
      At line 33 in file txtttx.s
Comment: STOP used once
mycode 00000000

Symbol: mycode
   Definitions
      At line 7 in file txtttx.s
   Uses
      None
Comment: mycode unused
4 symbols



ARM Macro Assembler    Page 1 Alphabetic symbol ordering
Relocatable symbols

DST 00000000

Symbol: DST
   Definitions
      At line 36 in file txtttx.s
   Uses
      At line 12 in file txtttx.s
Comment: DST used once
Mydata 00000000

Symbol: Mydata
   Definitions
      At line 35 in file txtttx.s
   Uses
      None
Comment: Mydata unused
2 symbols
341 symbols in table
