


ARM Macro Assembler    Page 1 


    1 00000000                 AREA             RESET, DATA, READONLY
    2 00000000                 EXPORT           __Vectors
    3 00000000         __Vectors
    4 00000000 10000100        DCD              0x10000100
    5 00000004 00000000        DCD              Reset_Handler
    6 00000008                 ALIGN
    7 00000008                 AREA             mycode, CODE, READONLY
    8 00000000                 ENTRY
    9 00000000                 EXPORT           Reset_Handler
   10 00000000         Reset_Handler
   11 00000000 480F            LDR              R0, =SRC
   12 00000002 4910            LDR              R1, =DST
   13 00000004 F04F 030A       MOV              R3, #0xA
   14 00000008 F850 1B04 
                       UP      LDR              R1, [R0], #4
   15 0000000C F842 1B04       STR              R1, [R2], #4
   16 00000010 3B01            SUBS             R3, #01
   17 00000012 D1F9            BNE              UP
   18 00000014 E7FE    STOP    B                STOP
   19 00000016 00 00 12345678 
              0048CD12 
              00000056 
              00000078 
              00000010 
              00000020 
              00000030 
              00000040 
              00000050 
              00000060 SRC     DCD              0x12345678, 0x48CD12, 0x56, 0x7
8, 0x10, 0x20,0x30,0x40,0x50,0x60
   20 00000040 00000000 
              00000000         AREA             Mydata, DATA, READWRITE
   21 00000000 00000000 
              00000000 
              00000000 DST     DCD              0, 0, 0
   22 0000000C                 END
Command Line: --debug --xref --cpu=Cortex-M3 --apcs=interwork --depend=prg2.d -
oprg2.o -IC:\Keil\ARM\RV31\INC -IC:\Keil\ARM\CMSIS\Include -IC:\Keil\ARM\Inc\NX
P\LPC17xx --predefine="__EVAL SETA 1" --list=prg2.lst prg2.s



ARM Macro Assembler    Page 1 Alphabetic symbol ordering
Relocatable symbols

RESET 00000000

Symbol: RESET
   Definitions
      At line 1 in file prg2.s
   Uses
      None
Comment: RESET unused
__Vectors 00000000

Symbol: __Vectors
   Definitions
      At line 3 in file prg2.s
   Uses
      At line 2 in file prg2.s
Comment: __Vectors used once
2 symbols



ARM Macro Assembler    Page 1 Alphabetic symbol ordering
Relocatable symbols

Reset_Handler 00000000

Symbol: Reset_Handler
   Definitions
      At line 10 in file prg2.s
   Uses
      At line 5 in file prg2.s
      At line 9 in file prg2.s

SRC 00000018

Symbol: SRC
   Definitions
      At line 19 in file prg2.s
   Uses
      At line 11 in file prg2.s
Comment: SRC used once
STOP 00000014

Symbol: STOP
   Definitions
      At line 18 in file prg2.s
   Uses
      At line 18 in file prg2.s
Comment: STOP used once
UP 00000008

Symbol: UP
   Definitions
      At line 14 in file prg2.s
   Uses
      At line 17 in file prg2.s
Comment: UP used once
mycode 00000000

Symbol: mycode
   Definitions
      At line 7 in file prg2.s
   Uses
      None
Comment: mycode unused
5 symbols



ARM Macro Assembler    Page 1 Alphabetic symbol ordering
Relocatable symbols

DST 00000000

Symbol: DST
   Definitions
      At line 21 in file prg2.s
   Uses
      At line 12 in file prg2.s
Comment: DST used once
Mydata 00000000

Symbol: Mydata
   Definitions
      At line 20 in file prg2.s
   Uses
      None
Comment: Mydata unused
2 symbols
342 symbols in table
